parent 4 - (1, 2)
child 5 - (2, 0)
------
parent 3 - (2, 0)
child 4 - (1, 2)
------
parent 4 - (0, 1)
child 5 - (2, 0)
------
parent 4 - (0, 1)
child 5 - (2, 2)
------
parent 3 - (2, 0)
child 4 - (0, 1)
------
parent 2 - (1, 2)
child 3 - (2, 0)
------
parent 1 - (2, 0)
child 2 - (1, 2)
------
parent 4 - (1, 2)
child 5 - (2, 0)
------
parent 3 - (2, 0)
child 4 - (1, 2)
------
parent 4 - (0, 1)
child 5 - (2, 0)
------
parent 4 - (0, 1)
child 5 - (2, 2)
------
parent 3 - (2, 0)
child 4 - (0, 1)
------
parent 2 - (0, 1)
child 3 - (2, 0)
------
parent 4 - (1, 0)
child 5 - (0, 2)
------
parent 4 - (1, 0)
child 5 - (2, 2)
------
parent 3 - (2, 2)
child 4 - (1, 0)
------
parent 4 - (0, 1)
child 5 - (2, 0)
------
parent 4 - (0, 1)
child 5 - (2, 2)
------
parent 3 - (2, 2)
child 4 - (0, 1)
------
parent 2 - (0, 1)
child 3 - (2, 2)
------
parent 1 - (2, 0)
child 2 - (0, 1)
------
parent 0 - (0, 1)
child 1 - (2, 0)
------
parent 4 - (1, 0)
child 5 - (0, 2)
------
parent 4 - (1, 0)
child 5 - (2, 2)
------
parent 3 - (0, 2)
child 4 - (1, 0)
------
parent 4 - (2, 1)
child 5 - (0, 2)
------
parent 3 - (0, 2)
child 4 - (2, 1)
------
parent 2 - (1, 0)
child 3 - (0, 2)
------
parent 4 - (1, 0)
child 5 - (0, 2)
------
parent 4 - (1, 0)
child 5 - (2, 2)
------
parent 3 - (2, 2)
child 4 - (1, 0)
------
parent 4 - (0, 1)
child 5 - (2, 0)
------
parent 4 - (0, 1)
child 5 - (2, 2)
------
parent 3 - (2, 2)
child 4 - (0, 1)
------
parent 2 - (1, 0)
child 3 - (2, 2)
------
parent 1 - (2, 2)
child 2 - (1, 0)
------
parent 4 - (1, 2)
child 5 - (2, 0)
------
parent 3 - (2, 0)
child 4 - (1, 2)
------
parent 4 - (0, 1)
child 5 - (2, 0)
------
parent 4 - (0, 1)
child 5 - (2, 2)
------
parent 3 - (2, 0)
child 4 - (0, 1)
------
parent 2 - (0, 1)
child 3 - (2, 0)
------
parent 4 - (1, 0)
child 5 - (0, 2)
------
parent 4 - (1, 0)
child 5 - (2, 2)
------
parent 3 - (2, 2)
child 4 - (1, 0)
------
parent 4 - (0, 1)
child 5 - (2, 0)
------
parent 4 - (0, 1)
child 5 - (2, 2)
------
parent 3 - (2, 2)
child 4 - (0, 1)
------
parent 2 - (0, 1)
child 3 - (2, 2)
------
parent 1 - (2, 2)
child 2 - (0, 1)
------
parent 0 - (0, 1)
child 1 - (2, 2)
------
Path >>
0 - (0, 1)
Path >>
0 - (0, 1)
1 - (2, 2)
Path >>
0 - (0, 1)
1 - (2, 2)
2 - (0, 1)
Path >>
0 - (0, 1)
1 - (2, 2)
2 - (0, 1)
3 - (2, 2)
Path >>
0 - (0, 1)
1 - (2, 2)
2 - (0, 1)
3 - (2, 2)
4 - (0, 1)
Path >>
0 - (0, 1)
1 - (2, 2)
2 - (0, 1)
3 - (2, 2)
4 - (0, 1)
5 - (2, 2)
Path >>
0 - (0, 1)
1 - (2, 2)
2 - (0, 1)
3 - (2, 2)
4 - (0, 1)
5 - (2, 0)
Path >>
0 - (0, 1)
1 - (2, 2)
2 - (0, 1)
3 - (2, 2)
4 - (1, 0)
Path >>
0 - (0, 1)
1 - (2, 2)
2 - (0, 1)
3 - (2, 2)
4 - (1, 0)
5 - (2, 2)
Path >>
0 - (0, 1)
1 - (2, 2)
2 - (0, 1)
3 - (2, 2)
4 - (1, 0)
5 - (0, 2)
Path >>
0 - (0, 1)
1 - (2, 2)
2 - (0, 1)
3 - (2, 0)
Path >>
0 - (0, 1)
1 - (2, 2)
2 - (0, 1)
3 - (2, 0)
4 - (0, 1)
Path >>
0 - (0, 1)
1 - (2, 2)
2 - (0, 1)
3 - (2, 0)
4 - (0, 1)
5 - (2, 2)
Path >>
0 - (0, 1)
1 - (2, 2)
2 - (0, 1)
3 - (2, 0)
4 - (0, 1)
5 - (2, 0)
Path >>
0 - (0, 1)
1 - (2, 2)
2 - (0, 1)
3 - (2, 0)
4 - (1, 2)
Path >>
0 - (0, 1)
1 - (2, 2)
2 - (0, 1)
3 - (2, 0)
4 - (1, 2)
5 - (2, 0)
Path >>
0 - (0, 1)
1 - (2, 2)
2 - (1, 0)
Path >>
0 - (0, 1)
1 - (2, 2)
2 - (1, 0)
3 - (2, 2)
Path >>
0 - (0, 1)
1 - (2, 2)
2 - (1, 0)
3 - (2, 2)
4 - (0, 1)
Path >>
0 - (0, 1)
1 - (2, 2)
2 - (1, 0)
3 - (2, 2)
4 - (0, 1)
5 - (2, 2)
Path >>
0 - (0, 1)
1 - (2, 2)
2 - (1, 0)
3 - (2, 2)
4 - (0, 1)
5 - (2, 0)
Path >>
0 - (0, 1)
1 - (2, 2)
2 - (1, 0)
3 - (2, 2)
4 - (1, 0)
Path >>
0 - (0, 1)
1 - (2, 2)
2 - (1, 0)
3 - (2, 2)
4 - (1, 0)
5 - (2, 2)
Path >>
0 - (0, 1)
1 - (2, 2)
2 - (1, 0)
3 - (2, 2)
4 - (1, 0)
5 - (0, 2)
Path >>
0 - (0, 1)
1 - (2, 2)
2 - (1, 0)
3 - (0, 2)
Path >>
0 - (0, 1)
1 - (2, 2)
2 - (1, 0)
3 - (0, 2)
4 - (2, 1)
Path >>
0 - (0, 1)
1 - (2, 2)
2 - (1, 0)
3 - (0, 2)
4 - (2, 1)
5 - (0, 2)
Path >>
0 - (0, 1)
1 - (2, 2)
2 - (1, 0)
3 - (0, 2)
4 - (1, 0)
Path >>
0 - (0, 1)
1 - (2, 2)
2 - (1, 0)
3 - (0, 2)
4 - (1, 0)
5 - (2, 2)
Path >>
0 - (0, 1)
1 - (2, 2)
2 - (1, 0)
3 - (0, 2)
4 - (1, 0)
5 - (0, 2)
Path >>
0 - (0, 1)
1 - (2, 0)
Path >>
0 - (0, 1)
1 - (2, 0)
2 - (0, 1)
Path >>
0 - (0, 1)
1 - (2, 0)
2 - (0, 1)
3 - (2, 2)
Path >>
0 - (0, 1)
1 - (2, 0)
2 - (0, 1)
3 - (2, 2)
4 - (0, 1)
Path >>
0 - (0, 1)
1 - (2, 0)
2 - (0, 1)
3 - (2, 2)
4 - (0, 1)
5 - (2, 2)
Path >>
0 - (0, 1)
1 - (2, 0)
2 - (0, 1)
3 - (2, 2)
4 - (0, 1)
5 - (2, 0)
Path >>
0 - (0, 1)
1 - (2, 0)
2 - (0, 1)
3 - (2, 2)
4 - (1, 0)
Path >>
0 - (0, 1)
1 - (2, 0)
2 - (0, 1)
3 - (2, 2)
4 - (1, 0)
5 - (2, 2)
Path >>
0 - (0, 1)
1 - (2, 0)
2 - (0, 1)
3 - (2, 2)
4 - (1, 0)
5 - (0, 2)
Path >>
0 - (0, 1)
1 - (2, 0)
2 - (0, 1)
3 - (2, 0)
Path >>
0 - (0, 1)
1 - (2, 0)
2 - (0, 1)
3 - (2, 0)
4 - (0, 1)
Path >>
0 - (0, 1)
1 - (2, 0)
2 - (0, 1)
3 - (2, 0)
4 - (0, 1)
5 - (2, 2)
Path >>
0 - (0, 1)
1 - (2, 0)
2 - (0, 1)
3 - (2, 0)
4 - (0, 1)
5 - (2, 0)
Path >>
0 - (0, 1)
1 - (2, 0)
2 - (0, 1)
3 - (2, 0)
4 - (1, 2)
Path >>
0 - (0, 1)
1 - (2, 0)
2 - (0, 1)
3 - (2, 0)
4 - (1, 2)
5 - (2, 0)
Path >>
0 - (0, 1)
1 - (2, 0)
2 - (1, 2)
Path >>
0 - (0, 1)
1 - (2, 0)
2 - (1, 2)
3 - (2, 0)
Path >>
0 - (0, 1)
1 - (2, 0)
2 - (1, 2)
3 - (2, 0)
4 - (0, 1)
Path >>
0 - (0, 1)
1 - (2, 0)
2 - (1, 2)
3 - (2, 0)
4 - (0, 1)
5 - (2, 2)
Path >>
0 - (0, 1)
1 - (2, 0)
2 - (1, 2)
3 - (2, 0)
4 - (0, 1)
5 - (2, 0)
Path >>
0 - (0, 1)
1 - (2, 0)
2 - (1, 2)
3 - (2, 0)
4 - (1, 2)
Path >>
0 - (0, 1)
1 - (2, 0)
2 - (1, 2)
3 - (2, 0)
4 - (1, 2)
5 - (2, 0)
